[debug] [2018-04-21T14:04:05.470Z] ----------------------------------------------------------------------
[debug] [2018-04-21T14:04:05.472Z] Command:       /usr/local/bin/node /usr/local/bin/firebase serve
[debug] [2018-04-21T14:04:05.472Z] CLI Version:   3.18.4
[debug] [2018-04-21T14:04:05.472Z] Platform:      darwin
[debug] [2018-04-21T14:04:05.473Z] Node Version:  v8.11.1
[debug] [2018-04-21T14:04:05.473Z] Time:          Sat Apr 21 2018 10:04:05 GMT-0400 (EDT)
[debug] [2018-04-21T14:04:05.473Z] ----------------------------------------------------------------------
[debug] 
[debug] [2018-04-21T14:04:05.483Z] > command requires scopes: ["email","openid","https://www.googleapis.com/auth/cloudplatformprojects.readonly","https://www.googleapis.com/auth/firebase","https://www.googleapis.com/auth/cloud-platform"]
[debug] [2018-04-21T14:04:05.483Z] > authorizing via signed-in user
[debug] [2018-04-21T14:04:05.485Z] >>> HTTP REQUEST GET https://admin.firebase.com/v1/projects/envirothon-48dfa  
  
 Sat Apr 21 2018 10:04:05 GMT-0400 (EDT)
[debug] [2018-04-21T14:04:06.127Z] <<< HTTP RESPONSE 200
[debug] [2018-04-21T14:04:06.128Z] >>> HTTP REQUEST GET https://admin.firebase.com/v1/database/envirothon-48dfa/tokens  
  
 Sat Apr 21 2018 10:04:06 GMT-0400 (EDT)
[debug] [2018-04-21T14:04:06.738Z] <<< HTTP RESPONSE 200
[debug] [2018-04-21T14:04:06.739Z] >>> HTTP REQUEST GET https://cloudresourcemanager.googleapis.com/v1/projects/envirothon-48dfa  
  
 Sat Apr 21 2018 10:04:06 GMT-0400 (EDT)
[debug] [2018-04-21T14:04:07.147Z] <<< HTTP RESPONSE 200
[info] 
[info] === Serving from '/Users/paigehanssen/Repos/Envirothon'...
[info] 
[debug] [2018-04-21T14:04:07.149Z] >>> HTTP REQUEST GET https://mobilesdk-pa.googleapis.com/v1/projects/202201538676/clients/_:getWebAppConfig  
  
 Sat Apr 21 2018 10:04:07 GMT-0400 (EDT)
[debug] [2018-04-21T14:04:07.660Z] <<< HTTP RESPONSE 200
[warn] ⚠  hosting: Port 5000 is not available. Trying another port...
[debug] [2018-04-21T14:04:07.678Z] >>> HTTP REQUEST GET https://mobilesdk-pa.googleapis.com/v1/projects/202201538676/clients/_:getWebAppConfig  
  
 Sat Apr 21 2018 10:04:07 GMT-0400 (EDT)
[debug] [2018-04-21T14:04:07.935Z] <<< HTTP RESPONSE 200
[info] i  hosting: Serving hosting files from: public
[info] ✔  hosting: Local server: http://localhost:5004

